  main.c
f:\c\cdemo\chatclient\chatclient\main.c(86): warning C4473: “scanf_s”: 没有为格式字符串传递足够的参数
  f:\c\cdemo\chatclient\chatclient\main.c(86): note: 占位符和其参数预计 2 可变参数，但提供的却是 1 参数
  f:\c\cdemo\chatclient\chatclient\main.c(86): note: 缺失的可变参数 2 为格式字符串“%s”所需
  f:\c\cdemo\chatclient\chatclient\main.c(86): note: 此参数用作缓冲区大小
f:\c\cdemo\chatclient\chatclient\main.c(88): warning C4473: “scanf_s”: 没有为格式字符串传递足够的参数
  f:\c\cdemo\chatclient\chatclient\main.c(88): note: 占位符和其参数预计 2 可变参数，但提供的却是 1 参数
  f:\c\cdemo\chatclient\chatclient\main.c(88): note: 缺失的可变参数 2 为格式字符串“%s”所需
  f:\c\cdemo\chatclient\chatclient\main.c(88): note: 此参数用作缓冲区大小
f:\c\cdemo\chatclient\chatclient\main.c(91): warning C4267: “=”: 从“size_t”转换到“USHORT”，可能丢失数据
f:\c\cdemo\chatclient\chatclient\main.c(127): warning C4473: “scanf_s”: 没有为格式字符串传递足够的参数
  f:\c\cdemo\chatclient\chatclient\main.c(127): note: 占位符和其参数预计 2 可变参数，但提供的却是 1 参数
  f:\c\cdemo\chatclient\chatclient\main.c(127): note: 缺失的可变参数 2 为格式字符串“%s”所需
  f:\c\cdemo\chatclient\chatclient\main.c(127): note: 此参数用作缓冲区大小
f:\c\cdemo\chatclient\chatclient\main.c(129): warning C4473: “scanf_s”: 没有为格式字符串传递足够的参数
  f:\c\cdemo\chatclient\chatclient\main.c(129): note: 占位符和其参数预计 2 可变参数，但提供的却是 1 参数
  f:\c\cdemo\chatclient\chatclient\main.c(129): note: 缺失的可变参数 2 为格式字符串“%s”所需
  f:\c\cdemo\chatclient\chatclient\main.c(129): note: 此参数用作缓冲区大小
f:\c\cdemo\chatclient\chatclient\main.c(132): warning C4267: “=”: 从“size_t”转换到“USHORT”，可能丢失数据
f:\c\cdemo\chatclient\chatclient\main.c(197): warning C4013: “gets”未定义；假设外部返回 int
f:\c\cdemo\chatclient\chatclient\main.c(198): warning C4267: “=”: 从“size_t”转换到“USHORT”，可能丢失数据
  ChatClient.vcxproj -> F:\C\CDemo\ChatClient\Debug\ChatClient.exe
